#! /usr/bin/vvp
:ivl_version "11.0 (stable)";
:ivl_delay_selection "TYPICAL";
:vpi_time_precision + 0;
:vpi_module "/usr/lib/x86_64-linux-gnu/ivl/system.vpi";
:vpi_module "/usr/lib/x86_64-linux-gnu/ivl/vhdl_sys.vpi";
:vpi_module "/usr/lib/x86_64-linux-gnu/ivl/vhdl_textio.vpi";
:vpi_module "/usr/lib/x86_64-linux-gnu/ivl/v2005_math.vpi";
:vpi_module "/usr/lib/x86_64-linux-gnu/ivl/va_math.vpi";
S_0x5ee6d42cfd90 .scope module, "shift_sra" "shift_sra" 2 1;
 .timescale 0 0;
    .port_info 0 /INPUT 64 "a";
    .port_info 1 /INPUT 6 "n";
    .port_info 2 /OUTPUT 64 "result";
o0x74ac7b0e8018 .functor BUFZ 64, C4<zzzzzzzzzzzzzzzzzzzzzzzzzzzzzzzzzzzzzzzzzzzzzzzzzzzzzzzzzzzzzzzz>; HiZ drive
v0x5ee6d42cff20_0 .net "a", 63 0, o0x74ac7b0e8018;  0 drivers
v0x5ee6d431af20_0 .var/i "i", 31 0;
o0x74ac7b0e8078 .functor BUFZ 6, C4<zzzzzz>; HiZ drive
v0x5ee6d431b000_0 .net "n", 5 0, o0x74ac7b0e8078;  0 drivers
v0x5ee6d431b0c0_0 .var "result", 63 0;
v0x5ee6d431b1a0_0 .net "sign", 0 0, L_0x5ee6d431b2e0;  1 drivers
E_0x5ee6d42d03f0 .event edge, v0x5ee6d431b000_0, v0x5ee6d42cff20_0, v0x5ee6d431b1a0_0;
L_0x5ee6d431b2e0 .part o0x74ac7b0e8018, 63, 1;
    .scope S_0x5ee6d42cfd90;
T_0 ;
    %wait E_0x5ee6d42d03f0;
    %pushi/vec4 0, 0, 64;
    %store/vec4 v0x5ee6d431b0c0_0, 0, 64;
    %load/vec4 v0x5ee6d431b000_0;
    %pad/u 32;
    %cmpi/u 64, 0, 32;
    %jmp/0xz  T_0.0, 5;
    %pushi/vec4 63, 0, 32;
    %store/vec4 v0x5ee6d431af20_0, 0, 32;
T_0.2 ;
    %load/vec4 v0x5ee6d431b000_0;
    %pad/u 32;
    %load/vec4 v0x5ee6d431af20_0;
    %cmp/u;
    %jmp/0xz T_0.3, 5;
    %load/vec4 v0x5ee6d42cff20_0;
    %load/vec4 v0x5ee6d431af20_0;
    %part/s 1;
    %load/vec4 v0x5ee6d431af20_0;
    %load/vec4 v0x5ee6d431b000_0;
    %pad/u 32;
    %sub;
    %ix/vec4 4;
    %store/vec4 v0x5ee6d431b0c0_0, 4, 1;
    %load/vec4 v0x5ee6d431af20_0;
    %subi 1, 0, 32;
    %store/vec4 v0x5ee6d431af20_0, 0, 32;
    %jmp T_0.2;
T_0.3 ;
    %pushi/vec4 63, 0, 32;
    %store/vec4 v0x5ee6d431af20_0, 0, 32;
T_0.4 ;
    %pushi/vec4 63, 0, 32;
    %load/vec4 v0x5ee6d431b000_0;
    %pad/u 32;
    %sub;
    %load/vec4 v0x5ee6d431af20_0;
    %cmp/u;
    %jmp/0xz T_0.5, 5;
    %load/vec4 v0x5ee6d431b1a0_0;
    %ix/getv/s 4, v0x5ee6d431af20_0;
    %store/vec4 v0x5ee6d431b0c0_0, 4, 1;
    %load/vec4 v0x5ee6d431af20_0;
    %subi 1, 0, 32;
    %store/vec4 v0x5ee6d431af20_0, 0, 32;
    %jmp T_0.4;
T_0.5 ;
T_0.0 ;
    %jmp T_0;
    .thread T_0, $push;
# The file index is used to find the file name in the following table.
:file_names 3;
    "N/A";
    "<interactive>";
    "sra.v";
